2026-07-15 18:34:21,415 CONNECTED
2026-07-15 18:34:21,445 Subscribed f7c9b162-6658-4390-b53c-1de5e1453654
2026-07-15 18:34:21,475 NOTIFY f7c9ba82-6658-4390-b53c-1de5e1453654 (Handle: 13): Unknown: 200f1fc32b4eeb2c3e72e1d8c21143fb83ba
2026-07-15 18:34:21,475 Subscribed f7c9ba82-6658-4390-b53c-1de5e1453654
2026-07-15 18:34:21,504 Subscribed f7c9ba91-6658-4390-b53c-1de5e1453654
2026-07-15 18:34:38,369 Keepalive error 00002a00-0000-1000-8000-00805f9b34fb: [WinError -2147023673] The operation was canceled by the user.
2026-07-15 18:34:38,370 Keepalive error 00002a01-0000-1000-8000-00805f9b34fb: Not connected
2026-07-15 18:34:38,372 Keepalive error 00002a04-0000-1000-8000-00805f9b34fb: Not connected
2026-07-15 18:48:21,441 CONNECTED
2026-07-15 18:48:21,467 Subscribed f7c9b162-6658-4390-b53c-1de5e1453654
2026-07-15 18:48:21,497 NOTIFY f7c9ba82-6658-4390-b53c-1de5e1453654 (Handle: 13): Unknown: 200f1ff3610270049acc2dda0796ec500509
2026-07-15 18:48:21,497 Subscribed f7c9ba82-6658-4390-b53c-1de5e1453654
2026-07-15 18:48:21,526 Subscribed f7c9ba91-6658-4390-b53c-1de5e1453654
2026-07-15 18:48:38,978 Keepalive error 00002a01-0000-1000-8000-00805f9b34fb: [WinError -2147023673] The operation was canceled by the user.
2026-07-15 18:48:38,978 Keepalive error 00002a04-0000-1000-8000-00805f9b34fb: Not connected
2026-07-15 18:52:30,993 CONNECTED
2026-07-15 18:52:31,022 Subscribed f7c9b162-6658-4390-b53c-1de5e1453654
2026-07-15 18:52:31,052 NOTIFY f7c9ba82-6658-4390-b53c-1de5e1453654 (Handle: 13): Unknown: 200f1f18faf8695d903863586ef92c18bc79
2026-07-15 18:52:31,053 Subscribed f7c9ba82-6658-4390-b53c-1de5e1453654
2026-07-15 18:52:31,082 Subscribed f7c9ba91-6658-4390-b53c-1de5e1453654
2026-07-15 18:52:48,517 Keepalive error 00002a00-0000-1000-8000-00805f9b34fb: [WinError -2147023673] The operation was canceled by the user.
2026-07-15 18:52:48,518 Keepalive error 00002a01-0000-1000-8000-00805f9b34fb: Not connected
2026-07-15 18:52:48,518 Keepalive error 00002a04-0000-1000-8000-00805f9b34fb: Not connected
